2022-08-24 01:58:53.850  INFO 26019 --- [main] c.c.CustomerManagementApiApplication     : Starting CustomerManagementApiApplication using Java 1.8.0_341 on Anupamas-MacBook-Pro.local with PID 26019 (/Users/anupamak/Desktop/casestudy/CustomerManagementAPI/target/classes started by anupamak in /Users/anupamak/Desktop/casestudy/CustomerManagementAPI)
2022-08-24 01:58:53.903  INFO 26019 --- [main] c.c.CustomerManagementApiApplication     : No active profile set, falling back to 1 default profile: "default"
2022-08-24 01:58:54.936  INFO 26019 --- [main] .s.d.r.c.RepositoryConfigurationDelegate : Bootstrapping Spring Data JPA repositories in DEFAULT mode.
2022-08-24 01:58:55.044  INFO 26019 --- [main] .s.d.r.c.RepositoryConfigurationDelegate : Finished Spring Data repository scanning in 97 ms. Found 3 JPA repository interfaces.
2022-08-24 01:58:56.083  INFO 26019 --- [main] o.s.b.w.e.t.TomcatWebServer              : Tomcat initialized with port(s): 8081 (http)
2022-08-24 01:58:56.112  INFO 26019 --- [main] o.a.c.c.StandardService                  : Starting service [Tomcat]
2022-08-24 01:58:56.112  INFO 26019 --- [main] o.a.c.c.StandardEngine                   : Starting Servlet engine: [Apache Tomcat/9.0.65]
2022-08-24 01:58:56.430  INFO 26019 --- [main] o.a.c.c.C.[.[.[/]                        : Initializing Spring embedded WebApplicationContext
2022-08-24 01:58:56.431  INFO 26019 --- [main] w.s.c.ServletWebServerApplicationContext : Root WebApplicationContext: initialization completed in 2397 ms
2022-08-24 01:58:56.787  INFO 26019 --- [main] o.h.j.i.u.LogHelper                      : HHH000204: Processing PersistenceUnitInfo [name: default]
2022-08-24 01:58:56.819  INFO 26019 --- [main] o.h.Version                              : HHH000412: Hibernate ORM core version 5.6.10.Final
2022-08-24 01:58:56.976  INFO 26019 --- [main] o.h.a.c.Version                          : HCANN000001: Hibernate Commons Annotations {5.1.2.Final}
2022-08-24 01:58:57.083  INFO 26019 --- [main] c.z.h.HikariDataSource                   : HikariPool-1 - Starting...
2022-08-24 01:58:57.678  INFO 26019 --- [main] c.z.h.HikariDataSource                   : HikariPool-1 - Start completed.
2022-08-24 01:58:57.695  INFO 26019 --- [main] o.h.d.Dialect                            : HHH000400: Using dialect: org.hibernate.dialect.MySQL5InnoDBDialect
2022-08-24 01:58:58.638  WARN 26019 --- [main] o.h.t.s.i.ExceptionHandlerLoggedImpl     : GenerationTarget encountered exception accepting command : Error executing DDL "create table tb_customer_details (id decimal(19,2) not null, address varchar(255), customer_full_name varchar(255), date_of_birth datetime, email varchar(255), maker_username varchar(255), mobileno varchar(255), zipcode varchar(255), primary key (id)) engine=InnoDB" via JDBC Statement

org.hibernate.tool.schema.spi.CommandAcceptanceException: Error executing DDL "create table tb_customer_details (id decimal(19,2) not null, address varchar(255), customer_full_name varchar(255), date_of_birth datetime, email varchar(255), maker_username varchar(255), mobileno varchar(255), zipcode varchar(255), primary key (id)) engine=InnoDB" via JDBC Statement
	at org.hibernate.tool.schema.internal.exec.GenerationTargetToDatabase.accept(GenerationTargetToDatabase.java:67) ~[hibernate-core-5.6.10.Final.jar:5.6.10.Final]
	at org.hibernate.tool.schema.internal.AbstractSchemaMigrator.applySqlString(AbstractSchemaMigrator.java:581) ~[hibernate-core-5.6.10.Final.jar:5.6.10.Final]
	at org.hibernate.tool.schema.internal.AbstractSchemaMigrator.applySqlStrings(AbstractSchemaMigrator.java:526) ~[hibernate-core-5.6.10.Final.jar:5.6.10.Final]
	at org.hibernate.tool.schema.internal.AbstractSchemaMigrator.createTable(AbstractSchemaMigrator.java:293) ~[hibernate-core-5.6.10.Final.jar:5.6.10.Final]
	at org.hibernate.tool.schema.internal.GroupedSchemaMigratorImpl.performTablesMigration(GroupedSchemaMigratorImpl.java:74) ~[hibernate-core-5.6.10.Final.jar:5.6.10.Final]
	at org.hibernate.tool.schema.internal.AbstractSchemaMigrator.performMigration(AbstractSchemaMigrator.java:220) ~[hibernate-core-5.6.10.Final.jar:5.6.10.Final]
	at org.hibernate.tool.schema.internal.AbstractSchemaMigrator.doMigration(AbstractSchemaMigrator.java:123) ~[hibernate-core-5.6.10.Final.jar:5.6.10.Final]
	at org.hibernate.tool.schema.spi.SchemaManagementToolCoordinator.performDatabaseAction(SchemaManagementToolCoordinator.java:196) ~[hibernate-core-5.6.10.Final.jar:5.6.10.Final]
	at org.hibernate.tool.schema.spi.SchemaManagementToolCoordinator.process(SchemaManagementToolCoordinator.java:85) ~[hibernate-core-5.6.10.Final.jar:5.6.10.Final]
	at org.hibernate.internal.SessionFactoryImpl.<init>(SessionFactoryImpl.java:335) ~[hibernate-core-5.6.10.Final.jar:5.6.10.Final]
	at org.hibernate.boot.internal.SessionFactoryBuilderImpl.build(SessionFactoryBuilderImpl.java:471) ~[hibernate-core-5.6.10.Final.jar:5.6.10.Final]
	at org.hibernate.jpa.boot.internal.EntityManagerFactoryBuilderImpl.build(EntityManagerFactoryBuilderImpl.java:1498) ~[hibernate-core-5.6.10.Final.jar:5.6.10.Final]
	at org.springframework.orm.jpa.vendor.SpringHibernateJpaPersistenceProvider.createContainerEntityManagerFactory(SpringHibernateJpaPersistenceProvider.java:58) ~[spring-orm-5.3.22.jar:5.3.22]
	at org.springframework.orm.jpa.LocalContainerEntityManagerFactoryBean.createNativeEntityManagerFactory(LocalContainerEntityManagerFactoryBean.java:365) ~[spring-orm-5.3.22.jar:5.3.22]
	at org.springframework.orm.jpa.AbstractEntityManagerFactoryBean.buildNativeEntityManagerFactory(AbstractEntityManagerFactoryBean.java:409) ~[spring-orm-5.3.22.jar:5.3.22]
	at org.springframework.orm.jpa.AbstractEntityManagerFactoryBean.afterPropertiesSet(AbstractEntityManagerFactoryBean.java:396) ~[spring-orm-5.3.22.jar:5.3.22]
	at org.springframework.orm.jpa.LocalContainerEntityManagerFactoryBean.afterPropertiesSet(LocalContainerEntityManagerFactoryBean.java:341) ~[spring-orm-5.3.22.jar:5.3.22]
	at org.springframework.beans.factory.support.AbstractAutowireCapableBeanFactory.invokeInitMethods(AbstractAutowireCapableBeanFactory.java:1863) ~[spring-beans-5.3.22.jar:5.3.22]
	at org.springframework.beans.factory.support.AbstractAutowireCapableBeanFactory.initializeBean(AbstractAutowireCapableBeanFactory.java:1800) ~[spring-beans-5.3.22.jar:5.3.22]
	at org.springframework.beans.factory.support.AbstractAutowireCapableBeanFactory.doCreateBean(AbstractAutowireCapableBeanFactory.java:620) ~[spring-beans-5.3.22.jar:5.3.22]
	at org.springframework.beans.factory.support.AbstractAutowireCapableBeanFactory.createBean(AbstractAutowireCapableBeanFactory.java:542) ~[spring-beans-5.3.22.jar:5.3.22]
	at org.springframework.beans.factory.support.AbstractBeanFactory.lambda$doGetBean$0(AbstractBeanFactory.java:335) ~[spring-beans-5.3.22.jar:5.3.22]
	at org.springframework.beans.factory.support.DefaultSingletonBeanRegistry.getSingleton(DefaultSingletonBeanRegistry.java:234) ~[spring-beans-5.3.22.jar:5.3.22]
	at org.springframework.beans.factory.support.AbstractBeanFactory.doGetBean(AbstractBeanFactory.java:333) ~[spring-beans-5.3.22.jar:5.3.22]
	at org.springframework.beans.factory.support.AbstractBeanFactory.getBean(AbstractBeanFactory.java:208) ~[spring-beans-5.3.22.jar:5.3.22]
	at org.springframework.context.support.AbstractApplicationContext.getBean(AbstractApplicationContext.java:1154) ~[spring-context-5.3.22.jar:5.3.22]
	at org.springframework.context.support.AbstractApplicationContext.finishBeanFactoryInitialization(AbstractApplicationContext.java:908) ~[spring-context-5.3.22.jar:5.3.22]
	at org.springframework.context.support.AbstractApplicationContext.refresh(AbstractApplicationContext.java:583) ~[spring-context-5.3.22.jar:5.3.22]
	at org.springframework.boot.web.servlet.context.ServletWebServerApplicationContext.refresh(ServletWebServerApplicationContext.java:147) ~[spring-boot-2.7.3.jar:2.7.3]
	at org.springframework.boot.SpringApplication.refresh(SpringApplication.java:734) ~[spring-boot-2.7.3.jar:2.7.3]
	at org.springframework.boot.SpringApplication.refreshContext(SpringApplication.java:408) ~[spring-boot-2.7.3.jar:2.7.3]
	at org.springframework.boot.SpringApplication.run(SpringApplication.java:308) ~[spring-boot-2.7.3.jar:2.7.3]
	at org.springframework.boot.SpringApplication.run(SpringApplication.java:1306) ~[spring-boot-2.7.3.jar:2.7.3]
	at org.springframework.boot.SpringApplication.run(SpringApplication.java:1295) ~[spring-boot-2.7.3.jar:2.7.3]
	at com.customer.CustomerManagementApiApplication.main(CustomerManagementApiApplication.java:10) ~[classes/:?]
Caused by: java.sql.SQLSyntaxErrorException: Table 'tb_customer_details' already exists
	at com.mysql.cj.jdbc.exceptions.SQLError.createSQLException(SQLError.java:120) ~[mysql-connector-java-8.0.30.jar:8.0.30]
	at com.mysql.cj.jdbc.exceptions.SQLExceptionsMapping.translateException(SQLExceptionsMapping.java:122) ~[mysql-connector-java-8.0.30.jar:8.0.30]
	at com.mysql.cj.jdbc.StatementImpl.executeInternal(StatementImpl.java:763) ~[mysql-connector-java-8.0.30.jar:8.0.30]
	at com.mysql.cj.jdbc.StatementImpl.execute(StatementImpl.java:648) ~[mysql-connector-java-8.0.30.jar:8.0.30]
	at com.zaxxer.hikari.pool.ProxyStatement.execute(ProxyStatement.java:94) ~[HikariCP-4.0.3.jar:?]
	at com.zaxxer.hikari.pool.HikariProxyStatement.execute(HikariProxyStatement.java) ~[HikariCP-4.0.3.jar:?]
	at org.hibernate.tool.schema.internal.exec.GenerationTargetToDatabase.accept(GenerationTargetToDatabase.java:54) ~[hibernate-core-5.6.10.Final.jar:5.6.10.Final]
	... 34 more

2022-08-24 01:58:58.649  WARN 26019 --- [main] o.h.t.s.i.ExceptionHandlerLoggedImpl     : GenerationTarget encountered exception accepting command : Error executing DDL "create table tb_logged_users (username varchar(255) not null, datestamp datetime, primary key (username)) engine=InnoDB" via JDBC Statement

org.hibernate.tool.schema.spi.CommandAcceptanceException: Error executing DDL "create table tb_logged_users (username varchar(255) not null, datestamp datetime, primary key (username)) engine=InnoDB" via JDBC Statement
	at org.hibernate.tool.schema.internal.exec.GenerationTargetToDatabase.accept(GenerationTargetToDatabase.java:67) ~[hibernate-core-5.6.10.Final.jar:5.6.10.Final]
	at org.hibernate.tool.schema.internal.AbstractSchemaMigrator.applySqlString(AbstractSchemaMigrator.java:581) ~[hibernate-core-5.6.10.Final.jar:5.6.10.Final]
	at org.hibernate.tool.schema.internal.AbstractSchemaMigrator.applySqlStrings(AbstractSchemaMigrator.java:526) ~[hibernate-core-5.6.10.Final.jar:5.6.10.Final]
	at org.hibernate.tool.schema.internal.AbstractSchemaMigrator.createTable(AbstractSchemaMigrator.java:293) ~[hibernate-core-5.6.10.Final.jar:5.6.10.Final]
	at org.hibernate.tool.schema.internal.GroupedSchemaMigratorImpl.performTablesMigration(GroupedSchemaMigratorImpl.java:74) ~[hibernate-core-5.6.10.Final.jar:5.6.10.Final]
	at org.hibernate.tool.schema.internal.AbstractSchemaMigrator.performMigration(AbstractSchemaMigrator.java:220) ~[hibernate-core-5.6.10.Final.jar:5.6.10.Final]
	at org.hibernate.tool.schema.internal.AbstractSchemaMigrator.doMigration(AbstractSchemaMigrator.java:123) ~[hibernate-core-5.6.10.Final.jar:5.6.10.Final]
	at org.hibernate.tool.schema.spi.SchemaManagementToolCoordinator.performDatabaseAction(SchemaManagementToolCoordinator.java:196) ~[hibernate-core-5.6.10.Final.jar:5.6.10.Final]
	at org.hibernate.tool.schema.spi.SchemaManagementToolCoordinator.process(SchemaManagementToolCoordinator.java:85) ~[hibernate-core-5.6.10.Final.jar:5.6.10.Final]
	at org.hibernate.internal.SessionFactoryImpl.<init>(SessionFactoryImpl.java:335) ~[hibernate-core-5.6.10.Final.jar:5.6.10.Final]
	at org.hibernate.boot.internal.SessionFactoryBuilderImpl.build(SessionFactoryBuilderImpl.java:471) ~[hibernate-core-5.6.10.Final.jar:5.6.10.Final]
	at org.hibernate.jpa.boot.internal.EntityManagerFactoryBuilderImpl.build(EntityManagerFactoryBuilderImpl.java:1498) ~[hibernate-core-5.6.10.Final.jar:5.6.10.Final]
	at org.springframework.orm.jpa.vendor.SpringHibernateJpaPersistenceProvider.createContainerEntityManagerFactory(SpringHibernateJpaPersistenceProvider.java:58) ~[spring-orm-5.3.22.jar:5.3.22]
	at org.springframework.orm.jpa.LocalContainerEntityManagerFactoryBean.createNativeEntityManagerFactory(LocalContainerEntityManagerFactoryBean.java:365) ~[spring-orm-5.3.22.jar:5.3.22]
	at org.springframework.orm.jpa.AbstractEntityManagerFactoryBean.buildNativeEntityManagerFactory(AbstractEntityManagerFactoryBean.java:409) ~[spring-orm-5.3.22.jar:5.3.22]
	at org.springframework.orm.jpa.AbstractEntityManagerFactoryBean.afterPropertiesSet(AbstractEntityManagerFactoryBean.java:396) ~[spring-orm-5.3.22.jar:5.3.22]
	at org.springframework.orm.jpa.LocalContainerEntityManagerFactoryBean.afterPropertiesSet(LocalContainerEntityManagerFactoryBean.java:341) ~[spring-orm-5.3.22.jar:5.3.22]
	at org.springframework.beans.factory.support.AbstractAutowireCapableBeanFactory.invokeInitMethods(AbstractAutowireCapableBeanFactory.java:1863) ~[spring-beans-5.3.22.jar:5.3.22]
	at org.springframework.beans.factory.support.AbstractAutowireCapableBeanFactory.initializeBean(AbstractAutowireCapableBeanFactory.java:1800) ~[spring-beans-5.3.22.jar:5.3.22]
	at org.springframework.beans.factory.support.AbstractAutowireCapableBeanFactory.doCreateBean(AbstractAutowireCapableBeanFactory.java:620) ~[spring-beans-5.3.22.jar:5.3.22]
	at org.springframework.beans.factory.support.AbstractAutowireCapableBeanFactory.createBean(AbstractAutowireCapableBeanFactory.java:542) ~[spring-beans-5.3.22.jar:5.3.22]
	at org.springframework.beans.factory.support.AbstractBeanFactory.lambda$doGetBean$0(AbstractBeanFactory.java:335) ~[spring-beans-5.3.22.jar:5.3.22]
	at org.springframework.beans.factory.support.DefaultSingletonBeanRegistry.getSingleton(DefaultSingletonBeanRegistry.java:234) ~[spring-beans-5.3.22.jar:5.3.22]
	at org.springframework.beans.factory.support.AbstractBeanFactory.doGetBean(AbstractBeanFactory.java:333) ~[spring-beans-5.3.22.jar:5.3.22]
	at org.springframework.beans.factory.support.AbstractBeanFactory.getBean(AbstractBeanFactory.java:208) ~[spring-beans-5.3.22.jar:5.3.22]
	at org.springframework.context.support.AbstractApplicationContext.getBean(AbstractApplicationContext.java:1154) ~[spring-context-5.3.22.jar:5.3.22]
	at org.springframework.context.support.AbstractApplicationContext.finishBeanFactoryInitialization(AbstractApplicationContext.java:908) ~[spring-context-5.3.22.jar:5.3.22]
	at org.springframework.context.support.AbstractApplicationContext.refresh(AbstractApplicationContext.java:583) ~[spring-context-5.3.22.jar:5.3.22]
	at org.springframework.boot.web.servlet.context.ServletWebServerApplicationContext.refresh(ServletWebServerApplicationContext.java:147) ~[spring-boot-2.7.3.jar:2.7.3]
	at org.springframework.boot.SpringApplication.refresh(SpringApplication.java:734) ~[spring-boot-2.7.3.jar:2.7.3]
	at org.springframework.boot.SpringApplication.refreshContext(SpringApplication.java:408) ~[spring-boot-2.7.3.jar:2.7.3]
	at org.springframework.boot.SpringApplication.run(SpringApplication.java:308) ~[spring-boot-2.7.3.jar:2.7.3]
	at org.springframework.boot.SpringApplication.run(SpringApplication.java:1306) ~[spring-boot-2.7.3.jar:2.7.3]
	at org.springframework.boot.SpringApplication.run(SpringApplication.java:1295) ~[spring-boot-2.7.3.jar:2.7.3]
	at com.customer.CustomerManagementApiApplication.main(CustomerManagementApiApplication.java:10) ~[classes/:?]
Caused by: java.sql.SQLSyntaxErrorException: Table 'tb_logged_users' already exists
	at com.mysql.cj.jdbc.exceptions.SQLError.createSQLException(SQLError.java:120) ~[mysql-connector-java-8.0.30.jar:8.0.30]
	at com.mysql.cj.jdbc.exceptions.SQLExceptionsMapping.translateException(SQLExceptionsMapping.java:122) ~[mysql-connector-java-8.0.30.jar:8.0.30]
	at com.mysql.cj.jdbc.StatementImpl.executeInternal(StatementImpl.java:763) ~[mysql-connector-java-8.0.30.jar:8.0.30]
	at com.mysql.cj.jdbc.StatementImpl.execute(StatementImpl.java:648) ~[mysql-connector-java-8.0.30.jar:8.0.30]
	at com.zaxxer.hikari.pool.ProxyStatement.execute(ProxyStatement.java:94) ~[HikariCP-4.0.3.jar:?]
	at com.zaxxer.hikari.pool.HikariProxyStatement.execute(HikariProxyStatement.java) ~[HikariCP-4.0.3.jar:?]
	at org.hibernate.tool.schema.internal.exec.GenerationTargetToDatabase.accept(GenerationTargetToDatabase.java:54) ~[hibernate-core-5.6.10.Final.jar:5.6.10.Final]
	... 34 more

2022-08-24 01:58:58.654  WARN 26019 --- [main] o.h.t.s.i.ExceptionHandlerLoggedImpl     : GenerationTarget encountered exception accepting command : Error executing DDL "create table tb_user_details (id decimal(19,2) not null, email varchar(255), full_name varchar(255), password varchar(255), username varchar(255), primary key (id)) engine=InnoDB" via JDBC Statement

org.hibernate.tool.schema.spi.CommandAcceptanceException: Error executing DDL "create table tb_user_details (id decimal(19,2) not null, email varchar(255), full_name varchar(255), password varchar(255), username varchar(255), primary key (id)) engine=InnoDB" via JDBC Statement
	at org.hibernate.tool.schema.internal.exec.GenerationTargetToDatabase.accept(GenerationTargetToDatabase.java:67) ~[hibernate-core-5.6.10.Final.jar:5.6.10.Final]
	at org.hibernate.tool.schema.internal.AbstractSchemaMigrator.applySqlString(AbstractSchemaMigrator.java:581) ~[hibernate-core-5.6.10.Final.jar:5.6.10.Final]
	at org.hibernate.tool.schema.internal.AbstractSchemaMigrator.applySqlStrings(AbstractSchemaMigrator.java:526) ~[hibernate-core-5.6.10.Final.jar:5.6.10.Final]
	at org.hibernate.tool.schema.internal.AbstractSchemaMigrator.createTable(AbstractSchemaMigrator.java:293) ~[hibernate-core-5.6.10.Final.jar:5.6.10.Final]
	at org.hibernate.tool.schema.internal.GroupedSchemaMigratorImpl.performTablesMigration(GroupedSchemaMigratorImpl.java:74) ~[hibernate-core-5.6.10.Final.jar:5.6.10.Final]
	at org.hibernate.tool.schema.internal.AbstractSchemaMigrator.performMigration(AbstractSchemaMigrator.java:220) ~[hibernate-core-5.6.10.Final.jar:5.6.10.Final]
	at org.hibernate.tool.schema.internal.AbstractSchemaMigrator.doMigration(AbstractSchemaMigrator.java:123) ~[hibernate-core-5.6.10.Final.jar:5.6.10.Final]
	at org.hibernate.tool.schema.spi.SchemaManagementToolCoordinator.performDatabaseAction(SchemaManagementToolCoordinator.java:196) ~[hibernate-core-5.6.10.Final.jar:5.6.10.Final]
	at org.hibernate.tool.schema.spi.SchemaManagementToolCoordinator.process(SchemaManagementToolCoordinator.java:85) ~[hibernate-core-5.6.10.Final.jar:5.6.10.Final]
	at org.hibernate.internal.SessionFactoryImpl.<init>(SessionFactoryImpl.java:335) ~[hibernate-core-5.6.10.Final.jar:5.6.10.Final]
	at org.hibernate.boot.internal.SessionFactoryBuilderImpl.build(SessionFactoryBuilderImpl.java:471) ~[hibernate-core-5.6.10.Final.jar:5.6.10.Final]
	at org.hibernate.jpa.boot.internal.EntityManagerFactoryBuilderImpl.build(EntityManagerFactoryBuilderImpl.java:1498) ~[hibernate-core-5.6.10.Final.jar:5.6.10.Final]
	at org.springframework.orm.jpa.vendor.SpringHibernateJpaPersistenceProvider.createContainerEntityManagerFactory(SpringHibernateJpaPersistenceProvider.java:58) ~[spring-orm-5.3.22.jar:5.3.22]
	at org.springframework.orm.jpa.LocalContainerEntityManagerFactoryBean.createNativeEntityManagerFactory(LocalContainerEntityManagerFactoryBean.java:365) ~[spring-orm-5.3.22.jar:5.3.22]
	at org.springframework.orm.jpa.AbstractEntityManagerFactoryBean.buildNativeEntityManagerFactory(AbstractEntityManagerFactoryBean.java:409) ~[spring-orm-5.3.22.jar:5.3.22]
	at org.springframework.orm.jpa.AbstractEntityManagerFactoryBean.afterPropertiesSet(AbstractEntityManagerFactoryBean.java:396) ~[spring-orm-5.3.22.jar:5.3.22]
	at org.springframework.orm.jpa.LocalContainerEntityManagerFactoryBean.afterPropertiesSet(LocalContainerEntityManagerFactoryBean.java:341) ~[spring-orm-5.3.22.jar:5.3.22]
	at org.springframework.beans.factory.support.AbstractAutowireCapableBeanFactory.invokeInitMethods(AbstractAutowireCapableBeanFactory.java:1863) ~[spring-beans-5.3.22.jar:5.3.22]
	at org.springframework.beans.factory.support.AbstractAutowireCapableBeanFactory.initializeBean(AbstractAutowireCapableBeanFactory.java:1800) ~[spring-beans-5.3.22.jar:5.3.22]
	at org.springframework.beans.factory.support.AbstractAutowireCapableBeanFactory.doCreateBean(AbstractAutowireCapableBeanFactory.java:620) ~[spring-beans-5.3.22.jar:5.3.22]
	at org.springframework.beans.factory.support.AbstractAutowireCapableBeanFactory.createBean(AbstractAutowireCapableBeanFactory.java:542) ~[spring-beans-5.3.22.jar:5.3.22]
	at org.springframework.beans.factory.support.AbstractBeanFactory.lambda$doGetBean$0(AbstractBeanFactory.java:335) ~[spring-beans-5.3.22.jar:5.3.22]
	at org.springframework.beans.factory.support.DefaultSingletonBeanRegistry.getSingleton(DefaultSingletonBeanRegistry.java:234) ~[spring-beans-5.3.22.jar:5.3.22]
	at org.springframework.beans.factory.support.AbstractBeanFactory.doGetBean(AbstractBeanFactory.java:333) ~[spring-beans-5.3.22.jar:5.3.22]
	at org.springframework.beans.factory.support.AbstractBeanFactory.getBean(AbstractBeanFactory.java:208) ~[spring-beans-5.3.22.jar:5.3.22]
	at org.springframework.context.support.AbstractApplicationContext.getBean(AbstractApplicationContext.java:1154) ~[spring-context-5.3.22.jar:5.3.22]
	at org.springframework.context.support.AbstractApplicationContext.finishBeanFactoryInitialization(AbstractApplicationContext.java:908) ~[spring-context-5.3.22.jar:5.3.22]
	at org.springframework.context.support.AbstractApplicationContext.refresh(AbstractApplicationContext.java:583) ~[spring-context-5.3.22.jar:5.3.22]
	at org.springframework.boot.web.servlet.context.ServletWebServerApplicationContext.refresh(ServletWebServerApplicationContext.java:147) ~[spring-boot-2.7.3.jar:2.7.3]
	at org.springframework.boot.SpringApplication.refresh(SpringApplication.java:734) ~[spring-boot-2.7.3.jar:2.7.3]
	at org.springframework.boot.SpringApplication.refreshContext(SpringApplication.java:408) ~[spring-boot-2.7.3.jar:2.7.3]
	at org.springframework.boot.SpringApplication.run(SpringApplication.java:308) ~[spring-boot-2.7.3.jar:2.7.3]
	at org.springframework.boot.SpringApplication.run(SpringApplication.java:1306) ~[spring-boot-2.7.3.jar:2.7.3]
	at org.springframework.boot.SpringApplication.run(SpringApplication.java:1295) ~[spring-boot-2.7.3.jar:2.7.3]
	at com.customer.CustomerManagementApiApplication.main(CustomerManagementApiApplication.java:10) ~[classes/:?]
Caused by: java.sql.SQLSyntaxErrorException: Table 'tb_user_details' already exists
	at com.mysql.cj.jdbc.exceptions.SQLError.createSQLException(SQLError.java:120) ~[mysql-connector-java-8.0.30.jar:8.0.30]
	at com.mysql.cj.jdbc.exceptions.SQLExceptionsMapping.translateException(SQLExceptionsMapping.java:122) ~[mysql-connector-java-8.0.30.jar:8.0.30]
	at com.mysql.cj.jdbc.StatementImpl.executeInternal(StatementImpl.java:763) ~[mysql-connector-java-8.0.30.jar:8.0.30]
	at com.mysql.cj.jdbc.StatementImpl.execute(StatementImpl.java:648) ~[mysql-connector-java-8.0.30.jar:8.0.30]
	at com.zaxxer.hikari.pool.ProxyStatement.execute(ProxyStatement.java:94) ~[HikariCP-4.0.3.jar:?]
	at com.zaxxer.hikari.pool.HikariProxyStatement.execute(HikariProxyStatement.java) ~[HikariCP-4.0.3.jar:?]
	at org.hibernate.tool.schema.internal.exec.GenerationTargetToDatabase.accept(GenerationTargetToDatabase.java:54) ~[hibernate-core-5.6.10.Final.jar:5.6.10.Final]
	... 34 more

2022-08-24 01:58:58.659  INFO 26019 --- [main] o.h.e.t.j.p.i.JtaPlatformInitiator       : HHH000490: Using JtaPlatform implementation: [org.hibernate.engine.transaction.jta.platform.internal.NoJtaPlatform]
2022-08-24 01:58:58.667  INFO 26019 --- [main] j.LocalContainerEntityManagerFactoryBean : Initialized JPA EntityManagerFactory for persistence unit 'default'
2022-08-24 01:58:58.838  WARN 26019 --- [main] JpaBaseConfiguration$JpaWebConfiguration : spring.jpa.open-in-view is enabled by default. Therefore, database queries may be performed during view rendering. Explicitly configure spring.jpa.open-in-view to disable this warning
2022-08-24 01:58:59.710  WARN 26019 --- [main] .s.s.UserDetailsServiceAutoConfiguration : 

Using generated security password: 9fcfed80-5c0e-42b6-b0c2-76aece0fb345

This generated password is for development use only. Your security configuration must be updated before running your application in production.

2022-08-24 01:58:59.781  INFO 26019 --- [main] o.s.s.w.DefaultSecurityFilterChain       : Will secure any request with [org.springframework.security.web.session.DisableEncodeUrlFilter@77856cc5, org.springframework.security.web.context.request.async.WebAsyncManagerIntegrationFilter@1fbd5e0, org.springframework.security.web.context.SecurityContextPersistenceFilter@5fb44964, org.springframework.security.web.header.HeaderWriterFilter@63b4b9c6, org.springframework.security.web.authentication.logout.LogoutFilter@39dda56f, com.customer.config.Filter@472698d, org.springframework.security.web.savedrequest.RequestCacheAwareFilter@1d444652, org.springframework.security.web.servletapi.SecurityContextHolderAwareRequestFilter@579f3c8e, org.springframework.security.web.authentication.AnonymousAuthenticationFilter@32d22650, org.springframework.security.web.session.SessionManagementFilter@6200b644, org.springframework.security.web.access.ExceptionTranslationFilter@768f4b42]
2022-08-24 01:59:00.428  INFO 26019 --- [main] o.s.b.w.e.t.TomcatWebServer              : Tomcat started on port(s): 8081 (http) with context path ''
2022-08-24 01:59:00.453  INFO 26019 --- [main] c.c.CustomerManagementApiApplication     : Started CustomerManagementApiApplication in 7.259 seconds (JVM running for 8.772)
2022-08-24 02:03:46.714  INFO 26019 --- [SpringApplicationShutdownHook] j.LocalContainerEntityManagerFactoryBean : Closing JPA EntityManagerFactory for persistence unit 'default'
2022-08-24 02:03:46.740  INFO 26019 --- [SpringApplicationShutdownHook] c.z.h.HikariDataSource                   : HikariPool-1 - Shutdown initiated...
2022-08-24 02:03:46.798  INFO 26019 --- [SpringApplicationShutdownHook] c.z.h.HikariDataSource                   : HikariPool-1 - Shutdown completed.
2022-08-24 02:04:14.500  INFO 26046 --- [main] c.c.CustomerManagementApiApplication     : Starting CustomerManagementApiApplication using Java 1.8.0_341 on Anupamas-MacBook-Pro.local with PID 26046 (/Users/anupamak/Desktop/casestudy/CustomerManagementAPI/target/classes started by anupamak in /Users/anupamak/Desktop/casestudy/CustomerManagementAPI)
2022-08-24 02:04:14.524  INFO 26046 --- [main] c.c.CustomerManagementApiApplication     : No active profile set, falling back to 1 default profile: "default"
2022-08-24 02:04:15.601  INFO 26046 --- [main] .s.d.r.c.RepositoryConfigurationDelegate : Bootstrapping Spring Data JPA repositories in DEFAULT mode.
2022-08-24 02:04:15.710  INFO 26046 --- [main] .s.d.r.c.RepositoryConfigurationDelegate : Finished Spring Data repository scanning in 94 ms. Found 3 JPA repository interfaces.
2022-08-24 02:04:16.760  INFO 26046 --- [main] o.s.b.w.e.t.TomcatWebServer              : Tomcat initialized with port(s): 8081 (http)
2022-08-24 02:04:16.795  INFO 26046 --- [main] o.a.c.c.StandardService                  : Starting service [Tomcat]
2022-08-24 02:04:16.796  INFO 26046 --- [main] o.a.c.c.StandardEngine                   : Starting Servlet engine: [Apache Tomcat/9.0.65]
2022-08-24 02:04:17.022  INFO 26046 --- [main] o.a.c.c.C.[.[.[/]                        : Initializing Spring embedded WebApplicationContext
2022-08-24 02:04:17.024  INFO 26046 --- [main] w.s.c.ServletWebServerApplicationContext : Root WebApplicationContext: initialization completed in 2408 ms
2022-08-24 02:04:17.311  INFO 26046 --- [main] c.z.h.HikariDataSource                   : HikariPool-1 - Starting...
2022-08-24 02:04:17.924  INFO 26046 --- [main] c.z.h.HikariDataSource                   : HikariPool-1 - Start completed.
2022-08-24 02:04:18.032  INFO 26046 --- [main] o.h.j.i.u.LogHelper                      : HHH000204: Processing PersistenceUnitInfo [name: default]
2022-08-24 02:04:18.090  INFO 26046 --- [main] o.h.Version                              : HHH000412: Hibernate ORM core version 5.6.10.Final
2022-08-24 02:04:18.321  INFO 26046 --- [main] o.h.a.c.Version                          : HCANN000001: Hibernate Commons Annotations {5.1.2.Final}
2022-08-24 02:04:18.437  INFO 26046 --- [main] o.h.d.Dialect                            : HHH000400: Using dialect: org.hibernate.dialect.MySQL5InnoDBDialect
2022-08-24 02:04:19.088  INFO 26046 --- [main] o.h.e.t.j.p.i.JtaPlatformInitiator       : HHH000490: Using JtaPlatform implementation: [org.hibernate.engine.transaction.jta.platform.internal.NoJtaPlatform]
2022-08-24 02:04:19.098  INFO 26046 --- [main] j.LocalContainerEntityManagerFactoryBean : Initialized JPA EntityManagerFactory for persistence unit 'default'
2022-08-24 02:04:19.232  WARN 26046 --- [main] JpaBaseConfiguration$JpaWebConfiguration : spring.jpa.open-in-view is enabled by default. Therefore, database queries may be performed during view rendering. Explicitly configure spring.jpa.open-in-view to disable this warning
2022-08-24 02:04:20.204  WARN 26046 --- [main] .s.s.UserDetailsServiceAutoConfiguration : 

Using generated security password: f575c1b0-6ae9-4959-a214-a1a69f8106e8

This generated password is for development use only. Your security configuration must be updated before running your application in production.

2022-08-24 02:04:20.270  INFO 26046 --- [main] o.s.s.w.DefaultSecurityFilterChain       : Will secure any request with [org.springframework.security.web.session.DisableEncodeUrlFilter@37cf91d8, org.springframework.security.web.context.request.async.WebAsyncManagerIntegrationFilter@571d0925, org.springframework.security.web.context.SecurityContextPersistenceFilter@5d800a56, org.springframework.security.web.header.HeaderWriterFilter@fee881, org.springframework.security.web.authentication.logout.LogoutFilter@25d0b918, com.customer.config.Filter@20e3c449, org.springframework.security.web.savedrequest.RequestCacheAwareFilter@315cf170, org.springframework.security.web.servletapi.SecurityContextHolderAwareRequestFilter@69ba72da, org.springframework.security.web.authentication.AnonymousAuthenticationFilter@54e0f76f, org.springframework.security.web.session.SessionManagementFilter@7e1a9173, org.springframework.security.web.access.ExceptionTranslationFilter@3b33fff9]
2022-08-24 02:04:20.918  INFO 26046 --- [main] o.s.b.w.e.t.TomcatWebServer              : Tomcat started on port(s): 8081 (http) with context path ''
2022-08-24 02:04:20.941  INFO 26046 --- [main] c.c.CustomerManagementApiApplication     : Started CustomerManagementApiApplication in 7.142 seconds (JVM running for 8.393)
2022-08-24 02:05:45.613  INFO 26046 --- [http-nio-8081-exec-1] o.a.c.c.C.[.[.[/]                        : Initializing Spring DispatcherServlet 'dispatcherServlet'
2022-08-24 02:05:45.617  INFO 26046 --- [http-nio-8081-exec-1] o.s.w.s.DispatcherServlet                : Initializing Servlet 'dispatcherServlet'
2022-08-24 02:05:45.649  INFO 26046 --- [http-nio-8081-exec-1] o.s.w.s.DispatcherServlet                : Completed initialization in 32 ms
2022-08-24 02:05:45.888  INFO 26046 --- [http-nio-8081-exec-2] c.c.c.LoginController                    : User Login Api Request : Users [id=null, username=DSCW, password=wcwcw, email=null, full_name=null]
2022-08-24 02:05:46.192  INFO 26046 --- [http-nio-8081-exec-2] c.c.s.UserService                        : User Login Api Response : {"data":"","status":"false","desc":"Username or Password Incorrect"}
2022-08-24 02:07:17.884  INFO 26046 --- [http-nio-8081-exec-4] c.c.c.LoginController                    : User Register Api Request : Users [id=null, username=ANU, password=Anu@1234, email=anu@gmail.com, full_name=Anupama]
2022-08-24 02:07:18.036  INFO 26046 --- [http-nio-8081-exec-4] c.c.s.UserService                        : User Register Api Response : {"data":"Users [id=1, username=ANU, password=Anu@1234, email=anu@gmail.com, full_name=Anupama]","status":"true","desc":"User Registered Successfully"}
2022-08-24 02:07:36.388  INFO 26046 --- [http-nio-8081-exec-6] c.c.c.LoginController                    : User Login Api Request : Users [id=null, username=ANU, password=Anu@1234, email=null, full_name=null]
2022-08-24 02:07:36.468  INFO 26046 --- [http-nio-8081-exec-6] c.c.s.UserService                        : User Login Api Response : {"data":"Users [id=1, username=ANU, password=Anu@1234, email=anu@gmail.com, full_name=Anupama]","status":"true","desc":"Successfully Logged in"}
2022-08-24 02:07:36.837  INFO 26046 --- [http-nio-8081-exec-8] c.c.c.CustomerController                 : Customer list Api 
2022-08-24 02:07:36.885  INFO 26046 --- [http-nio-8081-exec-8] c.c.s.CustomerService                    : Customer list Api Response : {"data":"","status":"false","desc":"No Customers to Fetch"}
2022-08-24 02:08:22.049  INFO 26046 --- [http-nio-8081-exec-10] c.c.c.CustomerController                 : Customer Add Api Request : Customers [id=null, customer_full_name=Anupama, email=anu@gmail.com, mobileno=8989898989, date_of_birth=Sun Aug 14 20:00:00 EDT 2022, address=USA, zipcode=55661, maker_username=ANU]
2022-08-24 02:08:22.078  INFO 26046 --- [http-nio-8081-exec-10] c.c.s.CustomerService                    : Customer Add Api Response : {"data":"Customers [id=2, customer_full_name=Anupama, email=anu@gmail.com, mobileno=8989898989, date_of_birth=Sun Aug 14 20:00:00 EDT 2022, address=USA, zipcode=55661, maker_username=ANU]","status":"true","desc":"Customer Added Successfully"}
2022-08-24 02:08:24.830  INFO 26046 --- [http-nio-8081-exec-1] c.c.c.CustomerController                 : Customer list Api 
2022-08-24 02:08:24.872  INFO 26046 --- [http-nio-8081-exec-1] c.c.s.CustomerService                    : Customer list Api Response : {"data":[{"zipcode":"55661","customer_full_name":"Anupama","maker_username":"ANU","address":"USA","date_of_birth":"2022-08-14 00:00:00.0","mobileno":"8989898989","id":2,"email":"anu@gmail.com"}],"status":"true","desc":"Customers List Fetched Successfully"}
2022-08-24 02:08:34.282  INFO 26046 --- [http-nio-8081-exec-3] c.c.c.LoginController                    : User logout Api Request : ANU
2022-08-24 02:08:34.323  INFO 26046 --- [http-nio-8081-exec-3] c.c.s.UserService                        : User Logout Api Response : {"data":"","status":"true","desc":"Successfully Logged out"}
2022-08-24 02:48:29.865  WARN 26046 --- [HikariPool-1 housekeeper] c.z.h.p.HikariPool                       : HikariPool-1 - Thread starvation or clock leap detected (housekeeper delta=29m11s609ms).
2022-08-24 03:18:43.835  WARN 26046 --- [HikariPool-1 housekeeper] c.z.h.p.HikariPool                       : HikariPool-1 - Thread starvation or clock leap detected (housekeeper delta=30m14s16ms).
2022-08-24 03:50:36.119  WARN 26046 --- [HikariPool-1 housekeeper] c.z.h.p.HikariPool                       : HikariPool-1 - Thread starvation or clock leap detected (housekeeper delta=31m52s294ms).
2022-08-24 04:57:07.178  WARN 26046 --- [HikariPool-1 housekeeper] c.z.h.p.HikariPool                       : HikariPool-1 - Thread starvation or clock leap detected (housekeeper delta=1h6m31s44ms).
2022-08-24 06:03:21.661  WARN 26046 --- [HikariPool-1 housekeeper] c.z.h.p.HikariPool                       : HikariPool-1 - Thread starvation or clock leap detected (housekeeper delta=1h6m14s466ms).
2022-08-24 07:02:31.959  WARN 26046 --- [HikariPool-1 housekeeper] c.z.h.p.HikariPool                       : HikariPool-1 - Thread starvation or clock leap detected (housekeeper delta=59m10s328ms).
2022-08-24 08:11:26.449  WARN 26046 --- [HikariPool-1 housekeeper] c.z.h.p.HikariPool                       : HikariPool-1 - Thread starvation or clock leap detected (housekeeper delta=1h8m54s488ms).
2022-08-24 09:34:14.860  WARN 26046 --- [HikariPool-1 housekeeper] c.z.h.p.HikariPool                       : HikariPool-1 - Thread starvation or clock leap detected (housekeeper delta=1h22m48s410ms).
2022-08-24 10:08:51.632  WARN 26046 --- [HikariPool-1 housekeeper] c.z.h.p.HikariPool                       : HikariPool-1 - Thread starvation or clock leap detected (housekeeper delta=34m36s774ms).
2022-08-24 10:59:01.388  WARN 26046 --- [HikariPool-1 housekeeper] c.z.h.p.HikariPool                       : HikariPool-1 - Thread starvation or clock leap detected (housekeeper delta=50m9s757ms).
2022-08-24 11:53:40.330  WARN 26046 --- [HikariPool-1 housekeeper] c.z.h.p.HikariPool                       : HikariPool-1 - Thread starvation or clock leap detected (housekeeper delta=54m38s935ms).
2022-08-24 13:05:09.189  WARN 26046 --- [HikariPool-1 housekeeper] c.z.h.p.HikariPool                       : HikariPool-1 - Thread starvation or clock leap detected (housekeeper delta=1h11m28s826ms).
2022-08-24 13:30:12.485  WARN 26046 --- [HikariPool-1 housekeeper] c.z.h.p.HikariPool                       : HikariPool-1 - Thread starvation or clock leap detected (housekeeper delta=25m3s320ms).
2022-08-24 13:47:10.364  WARN 26046 --- [HikariPool-1 housekeeper] c.z.h.p.HikariPool                       : HikariPool-1 - Thread starvation or clock leap detected (housekeeper delta=16m57s881ms).
2022-08-24 13:52:14.875  WARN 26046 --- [HikariPool-1 housekeeper] c.z.h.p.HikariPool                       : HikariPool-1 - Thread starvation or clock leap detected (housekeeper delta=5m4s500ms).
2022-08-24 14:24:36.239  WARN 26046 --- [HikariPool-1 housekeeper] c.z.h.p.HikariPool                       : HikariPool-1 - Thread starvation or clock leap detected (housekeeper delta=9m51s80ms).
2022-08-24 14:44:02.258  WARN 26046 --- [HikariPool-1 housekeeper] c.z.h.p.HikariPool                       : HikariPool-1 - Thread starvation or clock leap detected (housekeeper delta=16m25s945ms).
2022-08-24 14:50:33.520  WARN 26046 --- [HikariPool-1 housekeeper] c.z.h.p.HikariPool                       : HikariPool-1 - Thread starvation or clock leap detected (housekeeper delta=6m31s259ms).
2022-08-24 15:31:17.498  WARN 26046 --- [HikariPool-1 housekeeper] c.z.h.p.HikariPool                       : HikariPool-1 - Thread starvation or clock leap detected (housekeeper delta=7m39s481ms).
2022-08-24 16:00:10.599  WARN 26046 --- [HikariPool-1 housekeeper] c.z.h.p.HikariPool                       : HikariPool-1 - Thread starvation or clock leap detected (housekeeper delta=15m54s749ms).
2022-08-24 16:01:58.369  WARN 26046 --- [HikariPool-1 housekeeper] c.z.h.p.HikariPool                       : HikariPool-1 - Thread starvation or clock leap detected (housekeeper delta=11m46s15ms).
2022-08-24 16:30:36.864  WARN 26046 --- [HikariPool-1 housekeeper] c.z.h.p.HikariPool                       : HikariPool-1 - Thread starvation or clock leap detected (housekeeper delta=26m13s204ms).
2022-08-24 16:36:53.048  WARN 26046 --- [HikariPool-1 housekeeper] c.z.h.p.HikariPool                       : HikariPool-1 - Thread starvation or clock leap detected (housekeeper delta=6m16s184ms).
2022-08-24 17:08:47.875  WARN 26046 --- [HikariPool-1 housekeeper] c.z.h.p.HikariPool                       : HikariPool-1 - Thread starvation or clock leap detected (housekeeper delta=30m54s790ms).
2022-08-24 17:28:41.431  WARN 26046 --- [HikariPool-1 housekeeper] c.z.h.p.HikariPool                       : HikariPool-1 - Thread starvation or clock leap detected (housekeeper delta=19m53s553ms).
2022-08-24 17:34:59.641  WARN 26046 --- [HikariPool-1 housekeeper] c.z.h.p.HikariPool                       : HikariPool-1 - Thread starvation or clock leap detected (housekeeper delta=6m18s224ms).
2022-08-24 17:59:01.095  WARN 26046 --- [HikariPool-1 housekeeper] c.z.h.p.HikariPool                       : HikariPool-1 - Thread starvation or clock leap detected (housekeeper delta=24m1s436ms).
2022-08-24 18:06:40.586  WARN 26046 --- [HikariPool-1 housekeeper] c.z.h.p.HikariPool                       : HikariPool-1 - Thread starvation or clock leap detected (housekeeper delta=7m39s500ms).
2022-08-24 18:08:45.811  WARN 26046 --- [HikariPool-1 housekeeper] c.z.h.p.HikariPool                       : HikariPool-1 - Thread starvation or clock leap detected (housekeeper delta=2m5s240ms).
2022-08-24 18:10:44.449  WARN 26046 --- [HikariPool-1 housekeeper] c.z.h.p.HikariPool                       : HikariPool-1 - Thread starvation or clock leap detected (housekeeper delta=1m58s637ms).
2022-08-24 18:13:44.882  WARN 26046 --- [HikariPool-1 housekeeper] c.z.h.p.HikariPool                       : HikariPool-1 - Thread starvation or clock leap detected (housekeeper delta=3m432ms).
2022-08-24 18:53:14.610  WARN 26046 --- [HikariPool-1 housekeeper] c.z.h.p.HikariPool                       : HikariPool-1 - Thread starvation or clock leap detected (housekeeper delta=39m29s725ms).
2022-08-24 19:22:14.239  WARN 26046 --- [HikariPool-1 housekeeper] c.z.h.p.HikariPool                       : HikariPool-1 - Thread starvation or clock leap detected (housekeeper delta=28m59s591ms).
2022-08-24 19:23:05.139  INFO 28983 --- [main] c.c.CustomerManagementApiApplication     : Starting CustomerManagementApiApplication using Java 1.8.0_341 on Anupamas-MacBook-Pro.local with PID 28983 (/Users/anupamak/Desktop/casestudy/CustomerManagementAPI/target/classes started by anupamak in /Users/anupamak/Desktop/casestudy/CustomerManagementAPI)
2022-08-24 19:23:05.213  INFO 28983 --- [main] c.c.CustomerManagementApiApplication     : No active profile set, falling back to 1 default profile: "default"
2022-08-24 19:23:06.444  INFO 28983 --- [main] .s.d.r.c.RepositoryConfigurationDelegate : Bootstrapping Spring Data JPA repositories in DEFAULT mode.
2022-08-24 19:23:06.555  INFO 28983 --- [main] .s.d.r.c.RepositoryConfigurationDelegate : Finished Spring Data repository scanning in 99 ms. Found 3 JPA repository interfaces.
2022-08-24 19:23:07.725  INFO 28983 --- [main] o.s.b.w.e.t.TomcatWebServer              : Tomcat initialized with port(s): 8081 (http)
2022-08-24 19:23:07.755  INFO 28983 --- [main] o.a.c.c.StandardService                  : Starting service [Tomcat]
2022-08-24 19:23:07.756  INFO 28983 --- [main] o.a.c.c.StandardEngine                   : Starting Servlet engine: [Apache Tomcat/9.0.65]
2022-08-24 19:23:07.961  INFO 28983 --- [main] o.a.c.c.C.[.[.[/]                        : Initializing Spring embedded WebApplicationContext
2022-08-24 19:23:07.962  INFO 28983 --- [main] w.s.c.ServletWebServerApplicationContext : Root WebApplicationContext: initialization completed in 2623 ms
2022-08-24 19:23:08.262  INFO 28983 --- [main] c.z.h.HikariDataSource                   : HikariPool-1 - Starting...
2022-08-24 19:23:09.129  INFO 28983 --- [main] c.z.h.HikariDataSource                   : HikariPool-1 - Start completed.
2022-08-24 19:23:09.404  INFO 28983 --- [main] o.h.j.i.u.LogHelper                      : HHH000204: Processing PersistenceUnitInfo [name: default]
2022-08-24 19:23:09.636  INFO 28983 --- [main] o.h.Version                              : HHH000412: Hibernate ORM core version 5.6.10.Final
2022-08-24 19:23:10.435  INFO 28983 --- [main] o.h.a.c.Version                          : HCANN000001: Hibernate Commons Annotations {5.1.2.Final}
2022-08-24 19:23:10.879  INFO 28983 --- [main] o.h.d.Dialect                            : HHH000400: Using dialect: org.hibernate.dialect.MySQL5InnoDBDialect
2022-08-24 19:23:11.677  INFO 28983 --- [main] o.h.e.t.j.p.i.JtaPlatformInitiator       : HHH000490: Using JtaPlatform implementation: [org.hibernate.engine.transaction.jta.platform.internal.NoJtaPlatform]
2022-08-24 19:23:11.687  INFO 28983 --- [main] j.LocalContainerEntityManagerFactoryBean : Initialized JPA EntityManagerFactory for persistence unit 'default'
2022-08-24 19:23:11.860  WARN 28983 --- [main] JpaBaseConfiguration$JpaWebConfiguration : spring.jpa.open-in-view is enabled by default. Therefore, database queries may be performed during view rendering. Explicitly configure spring.jpa.open-in-view to disable this warning
2022-08-24 19:23:12.925  WARN 28983 --- [main] .s.s.UserDetailsServiceAutoConfiguration : 

Using generated security password: e342edc3-587f-42c1-a361-bc83f2684216

This generated password is for development use only. Your security configuration must be updated before running your application in production.

2022-08-24 19:23:13.048  INFO 28983 --- [main] o.s.s.w.DefaultSecurityFilterChain       : Will secure any request with [org.springframework.security.web.session.DisableEncodeUrlFilter@37cf91d8, org.springframework.security.web.context.request.async.WebAsyncManagerIntegrationFilter@571d0925, org.springframework.security.web.context.SecurityContextPersistenceFilter@5d800a56, org.springframework.security.web.header.HeaderWriterFilter@fee881, org.springframework.security.web.authentication.logout.LogoutFilter@25d0b918, com.customer.config.Filter@20e3c449, org.springframework.security.web.savedrequest.RequestCacheAwareFilter@315cf170, org.springframework.security.web.servletapi.SecurityContextHolderAwareRequestFilter@69ba72da, org.springframework.security.web.authentication.AnonymousAuthenticationFilter@54e0f76f, org.springframework.security.web.session.SessionManagementFilter@7e1a9173, org.springframework.security.web.access.ExceptionTranslationFilter@3b33fff9]
2022-08-24 19:23:13.740  WARN 28983 --- [main] ConfigServletWebServerApplicationContext : Exception encountered during context initialization - cancelling refresh attempt: org.springframework.context.ApplicationContextException: Failed to start bean 'webServerStartStop'; nested exception is org.springframework.boot.web.server.PortInUseException: Port 8081 is already in use
2022-08-24 19:23:13.744  INFO 28983 --- [main] j.LocalContainerEntityManagerFactoryBean : Closing JPA EntityManagerFactory for persistence unit 'default'
2022-08-24 19:23:13.746  INFO 28983 --- [main] c.z.h.HikariDataSource                   : HikariPool-1 - Shutdown initiated...
2022-08-24 19:23:13.771  INFO 28983 --- [main] c.z.h.HikariDataSource                   : HikariPool-1 - Shutdown completed.
2022-08-24 19:23:13.782  INFO 28983 --- [main] o.a.c.c.StandardService                  : Stopping service [Tomcat]
2022-08-24 19:23:13.825  INFO 28983 --- [main] ConditionEvaluationReportLoggingListener : 

Error starting ApplicationContext. To display the conditions report re-run your application with 'debug' enabled.
2022-08-24 19:23:13.858 ERROR 28983 --- [main] o.s.b.d.LoggingFailureAnalysisReporter   : 

***************************
APPLICATION FAILED TO START
***************************

Description:

Web server failed to start. Port 8081 was already in use.

Action:

Identify and stop the process that's listening on port 8081 or configure this application to listen on another port.

2022-08-24 19:29:27.642  INFO 26046 --- [SpringApplicationShutdownHook] j.LocalContainerEntityManagerFactoryBean : Closing JPA EntityManagerFactory for persistence unit 'default'
2022-08-24 19:29:27.693  INFO 26046 --- [SpringApplicationShutdownHook] c.z.h.HikariDataSource                   : HikariPool-1 - Shutdown initiated...
2022-08-24 19:29:27.790  INFO 26046 --- [SpringApplicationShutdownHook] c.z.h.HikariDataSource                   : HikariPool-1 - Shutdown completed.
2022-08-24 20:53:10.633  INFO 30636 --- [main] c.c.CustomerManagementApiApplication     : Starting CustomerManagementApiApplication using Java 1.8.0_341 on Anupamas-MacBook-Pro.local with PID 30636 (/Users/anupamak/Desktop/casestudy/CustomerManagementAPI/target/classes started by anupamak in /Users/anupamak/Desktop/casestudy/CustomerManagementAPI)
2022-08-24 20:53:10.645  INFO 30636 --- [main] c.c.CustomerManagementApiApplication     : No active profile set, falling back to 1 default profile: "default"
2022-08-24 20:53:11.823  INFO 30636 --- [main] .s.d.r.c.RepositoryConfigurationDelegate : Bootstrapping Spring Data JPA repositories in DEFAULT mode.
2022-08-24 20:53:11.934  INFO 30636 --- [main] .s.d.r.c.RepositoryConfigurationDelegate : Finished Spring Data repository scanning in 94 ms. Found 3 JPA repository interfaces.
2022-08-24 20:53:12.997  INFO 30636 --- [main] o.s.b.w.e.t.TomcatWebServer              : Tomcat initialized with port(s): 8081 (http)
2022-08-24 20:53:13.021  INFO 30636 --- [main] o.a.c.c.StandardService                  : Starting service [Tomcat]
2022-08-24 20:53:13.022  INFO 30636 --- [main] o.a.c.c.StandardEngine                   : Starting Servlet engine: [Apache Tomcat/9.0.65]
2022-08-24 20:53:13.237  INFO 30636 --- [main] o.a.c.c.C.[.[.[/]                        : Initializing Spring embedded WebApplicationContext
2022-08-24 20:53:13.238  INFO 30636 --- [main] w.s.c.ServletWebServerApplicationContext : Root WebApplicationContext: initialization completed in 2434 ms
2022-08-24 20:53:13.558  INFO 30636 --- [main] c.z.h.HikariDataSource                   : HikariPool-1 - Starting...
2022-08-24 20:53:14.263  INFO 30636 --- [main] c.z.h.HikariDataSource                   : HikariPool-1 - Start completed.
2022-08-24 20:53:14.381  INFO 30636 --- [main] o.h.j.i.u.LogHelper                      : HHH000204: Processing PersistenceUnitInfo [name: default]
2022-08-24 20:53:14.434  INFO 30636 --- [main] o.h.Version                              : HHH000412: Hibernate ORM core version 5.6.10.Final
2022-08-24 20:53:14.685  INFO 30636 --- [main] o.h.a.c.Version                          : HCANN000001: Hibernate Commons Annotations {5.1.2.Final}
2022-08-24 20:53:14.922  INFO 30636 --- [main] o.h.d.Dialect                            : HHH000400: Using dialect: org.hibernate.dialect.MySQL5InnoDBDialect
2022-08-24 20:53:15.444  INFO 30636 --- [main] o.h.e.t.j.p.i.JtaPlatformInitiator       : HHH000490: Using JtaPlatform implementation: [org.hibernate.engine.transaction.jta.platform.internal.NoJtaPlatform]
2022-08-24 20:53:15.452  INFO 30636 --- [main] j.LocalContainerEntityManagerFactoryBean : Initialized JPA EntityManagerFactory for persistence unit 'default'
2022-08-24 20:53:15.657  WARN 30636 --- [main] JpaBaseConfiguration$JpaWebConfiguration : spring.jpa.open-in-view is enabled by default. Therefore, database queries may be performed during view rendering. Explicitly configure spring.jpa.open-in-view to disable this warning
2022-08-24 20:53:16.681  WARN 30636 --- [main] .s.s.UserDetailsServiceAutoConfiguration : 

Using generated security password: dce45dcf-ca89-4e66-a13e-3a01cf206e48

This generated password is for development use only. Your security configuration must be updated before running your application in production.

2022-08-24 20:53:16.746  INFO 30636 --- [main] o.s.s.w.DefaultSecurityFilterChain       : Will secure any request with [org.springframework.security.web.session.DisableEncodeUrlFilter@2d38db6f, org.springframework.security.web.context.request.async.WebAsyncManagerIntegrationFilter@37cf91d8, org.springframework.security.web.context.SecurityContextPersistenceFilter@4ca0b9b1, org.springframework.security.web.header.HeaderWriterFilter@fd87c22, org.springframework.security.web.authentication.logout.LogoutFilter@5d9bb69b, com.customer.config.Filter@20e3c449, org.springframework.security.web.savedrequest.RequestCacheAwareFilter@1be77a76, org.springframework.security.web.servletapi.SecurityContextHolderAwareRequestFilter@75f4d8a8, org.springframework.security.web.authentication.AnonymousAuthenticationFilter@571d0925, org.springframework.security.web.session.SessionManagementFilter@5af38a4a, org.springframework.security.web.access.ExceptionTranslationFilter@1d2046bb]
2022-08-24 20:53:17.467  INFO 30636 --- [main] o.s.b.w.e.t.TomcatWebServer              : Tomcat started on port(s): 8081 (http) with context path ''
2022-08-24 20:53:17.492  INFO 30636 --- [main] c.c.CustomerManagementApiApplication     : Started CustomerManagementApiApplication in 7.564 seconds (JVM running for 9.229)
2022-08-24 21:10:00.503  INFO 30636 --- [http-nio-8081-exec-1] o.a.c.c.C.[.[.[/]                        : Initializing Spring DispatcherServlet 'dispatcherServlet'
2022-08-24 21:10:00.517  INFO 30636 --- [http-nio-8081-exec-1] o.s.w.s.DispatcherServlet                : Initializing Servlet 'dispatcherServlet'
2022-08-24 21:10:00.607  INFO 30636 --- [http-nio-8081-exec-1] o.s.w.s.DispatcherServlet                : Completed initialization in 89 ms
2022-08-24 21:10:00.898  INFO 30636 --- [http-nio-8081-exec-1] c.c.c.CustomerController                 : Customer list Api 
2022-08-24 21:10:01.319  INFO 30636 --- [http-nio-8081-exec-1] c.c.s.CustomerService                    : Customer list Api Response : {"data":"","status":"false","desc":"Login Again"}
2022-08-24 21:12:27.815  INFO 30636 --- [http-nio-8081-exec-4] c.c.c.LoginController                    : User Login Api Request : Users [id=null, username=ANU, password=Anu@123, email=, full_name=]
2022-08-24 21:12:28.054  INFO 30636 --- [http-nio-8081-exec-4] c.c.s.UserService                        : User Login Api Response : {"data":"","status":"false","desc":"Username or Password Incorrect"}
2022-08-24 21:12:40.616  INFO 30636 --- [http-nio-8081-exec-5] c.c.c.LoginController                    : User Login Api Request : Users [id=null, username=ANU, password=Anu@1234, email=, full_name=]
2022-08-24 21:12:40.859  INFO 30636 --- [http-nio-8081-exec-5] c.c.s.UserService                        : User Login Api Response : {"data":"Users [id=1, username=ANU, password=Anu@1234, email=anu@gmail.com, full_name=Anupama]","status":"true","desc":"Successfully Logged in"}
2022-08-24 21:13:01.688  INFO 30636 --- [http-nio-8081-exec-3] c.c.c.CustomerController                 : Customer list Api 
2022-08-24 21:13:01.789  INFO 30636 --- [http-nio-8081-exec-3] c.c.s.CustomerService                    : Customer list Api Response : {"data":[{"zipcode":"55661","customer_full_name":"Anupama","maker_username":"ANU","address":"USA","date_of_birth":"2022-08-14 00:00:00.0","mobileno":"8989898989","id":2,"email":"anu@gmail.com"}],"status":"true","desc":"Customers List Fetched Successfully"}
2022-08-24 21:25:33.264  WARN 30636 --- [http-nio-8081-exec-7] .w.s.m.s.DefaultHandlerExceptionResolver : Resolved [org.springframework.web.HttpRequestMethodNotSupportedException: Request method 'POST' not supported]
2022-08-24 21:25:50.981  INFO 30636 --- [http-nio-8081-exec-8] c.c.c.CustomerController                 : Customer list Api 
2022-08-24 21:25:51.102  INFO 30636 --- [http-nio-8081-exec-8] c.c.s.CustomerService                    : Customer list Api Response : {"data":[{"zipcode":"55661","customer_full_name":"Anupama","maker_username":"ANU","address":"USA","date_of_birth":"2022-08-14 00:00:00.0","mobileno":"8989898989","id":2,"email":"anu@gmail.com"}],"status":"true","desc":"Customers List Fetched Successfully"}
2022-08-24 22:14:00.298  INFO 30636 --- [SpringApplicationShutdownHook] j.LocalContainerEntityManagerFactoryBean : Closing JPA EntityManagerFactory for persistence unit 'default'
2022-08-24 22:14:00.386  INFO 30636 --- [SpringApplicationShutdownHook] c.z.h.HikariDataSource                   : HikariPool-1 - Shutdown initiated...
2022-08-24 22:14:00.462  INFO 30636 --- [SpringApplicationShutdownHook] c.z.h.HikariDataSource                   : HikariPool-1 - Shutdown completed.
